Removed Pin From Net: NetName=GND Pin=P3-13
Removed Pin From Net: NetName=GND Pin=P3-14
Change Component Comment : Designator=P3 Old Comment=10 New Comment=GPIO Pins
Change Component Designator: OldDesignator=P1 NewDesignator=P2
Change Component Designator: OldDesignator=P2 NewDesignator=P3
Change Component Designator: OldDesignator=P3 NewDesignator=P4
Added Component: Designator=J1(*CONN_5-1814400-1)
Add component. Clean all parameters for all variants
Add component (AddParameter): Name = "Digi-Key_Part_Number"; Value = "A97593-ND"; VariantName = "[No Variations]"
Add component (AddParameter): Name = "Digi-Key_Purchase_URL"; Value = "https://www.digikey.ch/product-detail/en/te-connectivity-amp-connectors/5-1814400-1/A97593-ND/1755981?utm_source=snapeda&utm_medium=aggregator&utm_campaign=symbol"; VariantName = "[No Variations]"
Add component (AddParameter): Name = "EU_RoHS_Compliance"; Value = "Compliant"; VariantName = "[No Variations]"
Add component (AddParameter): Name = "MF"; Value = "TE Connectivity"; VariantName = "[No Variations]"
Add component (AddParameter): Name = "MP"; Value = "5-1814400-1"; VariantName = "[No Variations]"
Add component (AddParameter): Name = "Number_of_Positions"; Value = "1"; VariantName = "[No Variations]"
Add component (AddParameter): Name = "Package"; Value = "None"; VariantName = "[No Variations]"
Add component (AddParameter): Name = "SnapEDA_Link"; Value = "https://www.snapeda.com/parts/5-1814400-1/TE%20Connectivity%20AMP%20Connectors/view-part/?ref=snap"; VariantName = "[No Variations]"
Add component (AddParameter): Name = "TE_purchase_URL"; Value = "https://www.te.com/usa-en/product-5-1814400-1.html?te_bu=Cor&te_type=disp&te_campaign=seda_glo_cor-seda-global-disp-prtnr-fy19-seda-model-bom-cta_sma-317_1&elqCampaignId=32493"; VariantName = "[No Variations]"
Add component (AddParameter): Name = "Value"; Value = ""; VariantName = "[No Variations]"
Added Component: Designator=J2(*CONN_5-1814400-1)
Add component. Clean all parameters for all variants
Add component (AddParameter): Name = "Digi-Key_Part_Number"; Value = "A97593-ND"; VariantName = "[No Variations]"
Add component (AddParameter): Name = "Digi-Key_Purchase_URL"; Value = "https://www.digikey.ch/product-detail/en/te-connectivity-amp-connectors/5-1814400-1/A97593-ND/1755981?utm_source=snapeda&utm_medium=aggregator&utm_campaign=symbol"; VariantName = "[No Variations]"
Add component (AddParameter): Name = "EU_RoHS_Compliance"; Value = "Compliant"; VariantName = "[No Variations]"
Add component (AddParameter): Name = "MF"; Value = "TE Connectivity"; VariantName = "[No Variations]"
Add component (AddParameter): Name = "MP"; Value = "5-1814400-1"; VariantName = "[No Variations]"
Add component (AddParameter): Name = "Number_of_Positions"; Value = "1"; VariantName = "[No Variations]"
Add component (AddParameter): Name = "Package"; Value = "None"; VariantName = "[No Variations]"
Add component (AddParameter): Name = "SnapEDA_Link"; Value = "https://www.snapeda.com/parts/5-1814400-1/TE%20Connectivity%20AMP%20Connectors/view-part/?ref=snap"; VariantName = "[No Variations]"
Add component (AddParameter): Name = "TE_purchase_URL"; Value = "https://www.te.com/usa-en/product-5-1814400-1.html?te_bu=Cor&te_type=disp&te_campaign=seda_glo_cor-seda-global-disp-prtnr-fy19-seda-model-bom-cta_sma-317_1&elqCampaignId=32493"; VariantName = "[No Variations]"
Add component (AddParameter): Name = "Value"; Value = ""; VariantName = "[No Variations]"
Added Component: Designator=P1(3.5MM Phoenix Contact 1984617)
Add component. Clean all parameters for all variants
Add component (AddParameter): Name = "ComponentLink1Discription"; Value = ""; VariantName = "[No Variations]"
Add component (AddParameter): Name = "ComponentLink1URL"; Value = ""; VariantName = "[No Variations]"
Add component (AddParameter): Name = "Manufacturer"; Value = ""; VariantName = "[No Variations]"
Add component (AddParameter): Name = "Manufacturer Part Number"; Value = ""; VariantName = "[No Variations]"
Add component (AddParameter): Name = "Note"; Value = ""; VariantName = "[No Variations]"
Add component (AddParameter): Name = "Supplier"; Value = ""; VariantName = "[No Variations]"
Add component (AddParameter): Name = "Supplier Part Number"; Value = ""; VariantName = "[No Variations]"
Add component (AddParameter): Name = "Value"; Value = ""; VariantName = "[No Variations]"
Added Pin To Net: NetName=GND Pin=J1-1
Added Pin To Net: NetName=GND Pin=J1-2
Added Pin To Net: NetName=GND Pin=J1-3
Added Pin To Net: NetName=GND Pin=J1-4
Added Pin To Net: NetName=GND Pin=J2-1
Added Pin To Net: NetName=GND Pin=J2-2
Added Pin To Net: NetName=GND Pin=J2-3
Added Pin To Net: NetName=GND Pin=J2-4
Added Pin To Net: NetName=GND Pin=P1-2
Added Pin To Net: NetName=+5 Pin=P1-1
Added Net: Name=+5
Added Pin To Net: NetName=RES1 Pin=MODULE1-4
Added Pin To Net: NetName=RES1 Pin=P4-14
Added Net: Name=RES1
Added Pin To Net: NetName=RES2 Pin=MODULE1-5
Added Pin To Net: NetName=RES2 Pin=P4-13
Added Net: Name=RES2
Added Pin To Net: NetName=RFH Pin=J1-5
Added Pin To Net: NetName=RFH Pin=J2-5
Added Pin To Net: NetName=RFH Pin=MODULE1-23
Added Net: Name=RFH
Added Pin To Net: NetName=RFL Pin=MODULE1-25
Added Net: Name=RFL
Added Member To Class: ClassName=Funk Member=Component J1 5-1814400-1
Added Member To Class: ClassName=Funk Member=Component J2 5-1814400-1
Added Member To Class: ClassName=Funk Member=Component P4 GPIO Pins
Added Member To Class: ClassName=Funk Member=Component R3 330
Added Rule: Name=Schematic Impedance Constraint
