Change Component Designator: OldDesignator=D? NewDesignator=D1
Change Component Designator: OldDesignator=D? NewDesignator=D2
Change Component Designator: OldDesignator=MODULE? NewDesignator=MODULE1
Change Component Designator: OldDesignator=P? NewDesignator=P1
Change Component Designator: OldDesignator=P? NewDesignator=P2
Change Component Designator: OldDesignator=P? NewDesignator=P3
Change Component Designator: OldDesignator=R? NewDesignator=R1
Change Component Designator: OldDesignator=R? NewDesignator=R2
Change Component Designator: OldDesignator=R? NewDesignator=R3
Change Net Name : Old Net Name=NetD?_2 New Net Name=NetD1_2
Change Net Name : Old Net Name=NetMODULE?_9 New Net Name=NetMODULE1_9
Change Net Name : Old Net Name=NetMODULE?_10 New Net Name=NetMODULE1_10
Change Net Name : Old Net Name=NetMODULE?_30 New Net Name=NetMODULE1_30
Change Net Name : Old Net Name=NetMODULE?_31 New Net Name=NetMODULE1_31
Change Net Name : Old Net Name=NetMODULE?_35 New Net Name=NetMODULE1_35
Change Net Name : Old Net Name=NetMODULE?_36 New Net Name=NetMODULE1_36
Change Net Name : Old Net Name=NetMODULE?_37 New Net Name=NetMODULE1_37
Change Net Name : Old Net Name=NetMODULE?_38 New Net Name=NetMODULE1_38
Change Net Name : Old Net Name=NetMODULE?_39 New Net Name=NetMODULE1_39
Change Net Name : Old Net Name=NetMODULE?_40 New Net Name=NetMODULE1_40
Change Net Name : Old Net Name=NetMODULE?_43 New Net Name=NetMODULE1_43
Change Net Name : Old Net Name=NetMODULE?_44 New Net Name=NetMODULE1_44
Change Net Name : Old Net Name=NetMODULE?_45 New Net Name=NetMODULE1_45
Change Net Name : Old Net Name=NetMODULE?_46 New Net Name=NetMODULE1_46
Added Pin To Net: NetName=NetD2_2 Pin=D2-2
Added Pin To Net: NetName=NetD2_2 Pin=R3-1
Added Net: Name=NetD2_2
Added Member To Class: ClassName=Funk Member=Component D2 Grün
Added Member To Class: ClassName=Funk Member=Component P1 UART
Added Member To Class: ClassName=Funk Member=Component P2 ICSP PICkit 3
Added Member To Class: ClassName=Funk Member=Component R1 10k
Added Member To Class: ClassName=Funk Member=Component R2 330
