Change Component Designator: Old Designator=C25 New Designator=C30
Change Component Designator: Old Designator=C26 New Designator=C31
Change Component Designator: Old Designator=C27 New Designator=C32
Change Component Designator: Old Designator=C28 New Designator=C33
Change Component Designator: Old Designator=C29 New Designator=C35
Change Component Designator: Old Designator=C30 New Designator=C34
Change Component Designator: Old Designator=C31 New Designator=C36
Change Component Designator: Old Designator=C32 New Designator=C37
Change Component Designator: Old Designator=C33 New Designator=C38
Change Component Designator: Old Designator=C34 New Designator=C39
Change Component Designator: Old Designator=C35 New Designator=C40
Change Component Designator: Old Designator=C36 New Designator=C41
Change Component Designator: Old Designator=C37 New Designator=C42
Change Component Designator: Old Designator=C38 New Designator=C43
Change Component Designator: Old Designator=J2 New Designator=J11
Change Component Designator: Old Designator=P3 New Designator=P12
Change Component Designator: Old Designator=P? New Designator=P11
Change Component Designator: Old Designator=R45 New Designator=R68
Change Component Designator: Old Designator=R46 New Designator=R69
Change Component Designator: Old Designator=R47 New Designator=R70
Change Component Designator: Old Designator=R48 New Designator=R71
Change Component Designator: Old Designator=R49 New Designator=R72
Change Component Designator: Old Designator=R50 New Designator=R73
Change Component Designator: Old Designator=R51 New Designator=R74
Change Component Designator: Old Designator=R52 New Designator=R75
Change Component Designator: Old Designator=R53 New Designator=R76
Change Component Designator: Old Designator=R54 New Designator=R77
Change Component Designator: Old Designator=R55 New Designator=R78
Change Component Designator: Old Designator=R56 New Designator=R79
Change Component Designator: Old Designator=R57 New Designator=R80
Change Component Designator: Old Designator=U7 New Designator=U8
Change Component Designator: Old Designator=U8 New Designator=U9
