Removed Pin From Net: NetName=GND Pin=C3-1
Removed Pin From Net: NetName=GND Pin=C4-1
Removed Pin From Net: NetName=GND Pin=C5-1
Removed Pin From Net: NetName=GND Pin=C6-1
Removed Pin From Net: NetName=GND Pin=C7-1
Removed Pin From Net: NetName=GND Pin=C8-1
Removed Pin From Net: NetName=NetD4_2 Pin=D4-2
Removed Pin From Net: NetName=+5 Pin=D4-5
Removed Pin From Net: NetName=GND Pin=D4-6
Removed Pin From Net: NetName=+5 Pin=D5-5
Removed Pin From Net: NetName=GND Pin=D5-6
Removed Pin From Net: NetName=+5 Pin=D6-5
Removed Pin From Net: NetName=GND Pin=D6-6
Removed Pin From Net: NetName=+5 Pin=D7-5
Removed Pin From Net: NetName=GND Pin=D7-6
Removed Pin From Net: NetName=+5 Pin=D8-5
Removed Pin From Net: NetName=GND Pin=D8-6
Removed Pin From Net: NetName=+5 Pin=D9-5
Removed Pin From Net: NetName=GND Pin=D9-6
Removed Pin From Net: NetName=GND Pin=J6-3
Removed Pin From Net: NetName=+5 Pin=R13-2
Removed Pin From Net: NetName=+5 Pin=R14-2
Removed Pin From Net: NetName=+5 Pin=R15-2
Removed Pin From Net: NetName=+5 Pin=R17-2
Removed Pin From Net: NetName=+5 Pin=R18-2
Removed Pin From Net: NetName=+5 Pin=R19-2
Removed Member From Class: ClassName=Sheet1 Member=C3
Removed Member From Class: ClassName=Sheet1 Member=C4
Removed Member From Class: ClassName=Sheet1 Member=C5
Removed Member From Class: ClassName=Sheet1 Member=C6
Removed Member From Class: ClassName=Sheet1 Member=C7
Removed Member From Class: ClassName=Sheet1 Member=C8
Removed Member From Class: ClassName=Sheet1 Member=D4
Removed Member From Class: ClassName=Sheet1 Member=D5
Removed Member From Class: ClassName=Sheet1 Member=D6
Removed Member From Class: ClassName=Sheet1 Member=D7
Removed Member From Class: ClassName=Sheet1 Member=D8
Removed Member From Class: ClassName=Sheet1 Member=D9
Removed Member From Class: ClassName=Sheet1 Member=R13
Removed Member From Class: ClassName=Sheet1 Member=R14
Removed Member From Class: ClassName=Sheet1 Member=R15
Removed Member From Class: ClassName=Sheet1 Member=R17
Removed Member From Class: ClassName=Sheet1 Member=R18
Removed Member From Class: ClassName=Sheet1 Member=R19
Added Pin To Net: NetName=NetD4_2 Pin=J6-2
Added Pin To Net: NetName=GND Pin=J6-4
Added Pin To Net: NetName=NetRA2_4 Pin=U4-E
Change Net Name : Old Net Name=NetD4_2 New Net Name=NetJ6_2
