Change Component Designator: Old Designator=C27 New Designator=C25
Change Component Designator: Old Designator=C28 New Designator=C26
Change Component Designator: Old Designator=C29 New Designator=C27
Change Component Designator: Old Designator=C30 New Designator=C28
Change Component Designator: Old Designator=C31 New Designator=C29
Change Component Designator: Old Designator=C32 New Designator=C30
Change Component Designator: Old Designator=C33 New Designator=C31
Change Component Designator: Old Designator=C34 New Designator=C32
Change Component Designator: Old Designator=C35 New Designator=C33
Change Component Designator: Old Designator=C36 New Designator=C34
Change Component Designator: Old Designator=C37 New Designator=C35
Change Component Designator: Old Designator=C38 New Designator=C36
Change Component Designator: Old Designator=C39 New Designator=C37
Change Component Designator: Old Designator=C40 New Designator=C38
Change Component Designator: Old Designator=D15 New Designator=D14
Change Component Designator: Old Designator=D16 New Designator=D15
Change Component Designator: Old Designator=P? New Designator=P3
Change Component Designator: Old Designator=R46 New Designator=R45
Change Component Designator: Old Designator=R47 New Designator=R46
Change Component Designator: Old Designator=R48 New Designator=R55
Change Component Designator: Old Designator=R49 New Designator=R56
Change Component Designator: Old Designator=R50 New Designator=R57
Change Component Designator: Old Designator=R? New Designator=R47
Change Component Designator: Old Designator=R? New Designator=R48
Change Component Designator: Old Designator=R? New Designator=R49
Change Component Designator: Old Designator=R? New Designator=R50
Change Component Designator: Old Designator=R? New Designator=R51
Change Component Designator: Old Designator=R? New Designator=R52
Change Component Designator: Old Designator=R? New Designator=R53
Change Component Designator: Old Designator=R? New Designator=R54
Change Component Designator: Old Designator=U5 New Designator=U7
Change Component Designator: Old Designator=U New Designator=U8
