
--- Start of recording: 27.09.2019 11:49:30 ---
ok                                                                              
                                                                                
radio_tx_ok                                                                     
                                                                                
radio tx 123456                                                                 
                                                                                
ok                                                                              
                                                                                
radio_tx_ok                                                                     
                                                                                
radio tx 987654321                                                              
                                                                                
ok                                                                              
                                                                                
radio_tx_ok                                                                     
                                                                                
radio tx 123456789                                                              
                                                                                
ok                                                                              
                                                                                
radio_tx_ok                                                                     
                                                                                
radio tx 1245                                                                   
                                                                                
ok                                                                              
                                                                                
radio_tx_ok                                                                     
                                                                                
radio tx 3456                                                                   
                                                                                
ok                                                                              
                                                                                
radio_tx_ok                                                                     
                                                                                
mac pause                                                                       
                                                                                
4294967245                                                                      
                                                                                
radio tx 5678                                                                   
                                                                                
ok                                                                              
                                                                                
radio_tx_ok                                                                     
                                                                                
                                                                                
--- End of recording: 27.09.2019 11:50:55 ---
